<?xml version="1.0" encoding="UTF-8"?>
<!-- Generated by org.testng.reporters.JUnitReportReporter -->
<testsuite skipped="0" hostname="DESKTOP-Q65ONQK" name="ParallelTest1" tests="2" failures="0" timestamp="2020-06-20T22:56:35 IST" time="25.924" errors="1">
  <testcase name="verify_HomeTitle" time="14.417" classname="ParallelTest1">
    <error type="org.openqa.selenium.SessionNotCreatedException" message="session not created
from chrome not reachable
  (Session info: chrome=83.0.4103.106)
Build info: version: &#039;3.141.59&#039;, revision: &#039;e82be7d358&#039;, time: &#039;2018-11-14T08:17:03&#039;
System info: host: &#039;DESKTOP-Q65ONQK&#039;, ip: &#039;192.168.0.104&#039;, os.name: &#039;Windows 10&#039;, os.arch: &#039;amd64&#039;, os.version: &#039;10.0&#039;, java.version: &#039;1.8.0_221&#039;
Driver info: driver.version: ChromeDriver
remote stacktrace: Backtrace:
	Ordinal0 [0x00E39563+2725219]
	Ordinal0 [0x00D38551+1672529]
	Ordinal0 [0x00C20202+524802]
	Ordinal0 [0x00C199B2+498098]
	Ordinal0 [0x00C1A09B+499867]
	Ordinal0 [0x00C1AFF5+503797]
	Ordinal0 [0x00C16994+485780]
	Ordinal0 [0x00C20FF0+528368]
	Ordinal0 [0x00BCD6C9+186057]
	Ordinal0 [0x00BCCA3D+182845]
	Ordinal0 [0x00BCA94B+174411]
	Ordinal0 [0x00BB2528+75048]
	Ordinal0 [0x00BB35A0+79264]
	Ordinal0 [0x00BB3539+79161]
	Ordinal0 [0x00D4D607+1758727]
	GetHandleVerifier [0x00F56546+1050150]
	GetHandleVerifier [0x00F56291+1049457]
	GetHandleVerifier [0x00F610D7+1094071]
	GetHandleVerifier [0x00F56B46+1051686]
	Ordinal0 [0x00D45B06+1727238]
	Ordinal0 [0x00D4EB7B+1764219]
	Ordinal0 [0x00D4ECE3+1764579]
	Ordinal0 [0x00D64C05+1854469]
	BaseThreadInitThunk [0x753B6359+25]
	RtlGetAppContainerNamedObjectPath [0x779A7C24+228]
	RtlGetAppContainerNamedObjectPath [0x779A7BF4+180]
">
      <![CDATA[org.openqa.selenium.SessionNotCreatedException: session not created
from chrome not reachable
  (Session info: chrome=83.0.4103.106)
Build info: version: '3.141.59', revision: 'e82be7d358', time: '2018-11-14T08:17:03'
System info: host: 'DESKTOP-Q65ONQK', ip: '192.168.0.104', os.name: 'Windows 10', os.arch: 'amd64', os.version: '10.0', java.version: '1.8.0_221'
Driver info: driver.version: ChromeDriver
remote stacktrace: Backtrace:
Ordinal0 [0x00E39563+2725219]
Ordinal0 [0x00D38551+1672529]
Ordinal0 [0x00C20202+524802]
Ordinal0 [0x00C199B2+498098]
Ordinal0 [0x00C1A09B+499867]
Ordinal0 [0x00C1AFF5+503797]
Ordinal0 [0x00C16994+485780]
Ordinal0 [0x00C20FF0+528368]
Ordinal0 [0x00BCD6C9+186057]
Ordinal0 [0x00BCCA3D+182845]
Ordinal0 [0x00BCA94B+174411]
Ordinal0 [0x00BB2528+75048]
Ordinal0 [0x00BB35A0+79264]
Ordinal0 [0x00BB3539+79161]
Ordinal0 [0x00D4D607+1758727]
GetHandleVerifier [0x00F56546+1050150]
GetHandleVerifier [0x00F56291+1049457]
GetHandleVerifier [0x00F610D7+1094071]
GetHandleVerifier [0x00F56B46+1051686]
Ordinal0 [0x00D45B06+1727238]
Ordinal0 [0x00D4EB7B+1764219]
Ordinal0 [0x00D4ECE3+1764579]
Ordinal0 [0x00D64C05+1854469]
BaseThreadInitThunk [0x753B6359+25]
RtlGetAppContainerNamedObjectPath [0x779A7C24+228]
RtlGetAppContainerNamedObjectPath [0x779A7BF4+180]

at sun.reflect.NativeConstructorAccessorImpl.newInstance0(Native Method)
at sun.reflect.NativeConstructorAccessorImpl.newInstance(Unknown Source)
at sun.reflect.DelegatingConstructorAccessorImpl.newInstance(Unknown Source)
at java.lang.reflect.Constructor.newInstance(Unknown Source)
at org.openqa.selenium.remote.W3CHandshakeResponse.lambda$errorHandler$0(W3CHandshakeResponse.java:62)
at org.openqa.selenium.remote.HandshakeResponse.lambda$getResponseFunction$0(HandshakeResponse.java:30)
at org.openqa.selenium.remote.ProtocolHandshake.lambda$createSession$0(ProtocolHandshake.java:126)
at java.util.stream.ReferencePipeline$3$1.accept(Unknown Source)
at java.util.Spliterators$ArraySpliterator.tryAdvance(Unknown Source)
at java.util.stream.ReferencePipeline.forEachWithCancel(Unknown Source)
at java.util.stream.AbstractPipeline.copyIntoWithCancel(Unknown Source)
at java.util.stream.AbstractPipeline.copyInto(Unknown Source)
at java.util.stream.AbstractPipeline.wrapAndCopyInto(Unknown Source)
at java.util.stream.FindOps$FindOp.evaluateSequential(Unknown Source)
at java.util.stream.AbstractPipeline.evaluate(Unknown Source)
at java.util.stream.ReferencePipeline.findFirst(Unknown Source)
at org.openqa.selenium.remote.ProtocolHandshake.createSession(ProtocolHandshake.java:128)
at org.openqa.selenium.remote.ProtocolHandshake.createSession(ProtocolHandshake.java:74)
at org.openqa.selenium.remote.HttpCommandExecutor.execute(HttpCommandExecutor.java:136)
at org.openqa.selenium.remote.service.DriverCommandExecutor.execute(DriverCommandExecutor.java:83)
at org.openqa.selenium.remote.RemoteWebDriver.execute(RemoteWebDriver.java:552)
at org.openqa.selenium.remote.RemoteWebDriver.startSession(RemoteWebDriver.java:213)
at org.openqa.selenium.remote.RemoteWebDriver.<init>(RemoteWebDriver.java:131)
at org.openqa.selenium.chrome.ChromeDriver.<init>(ChromeDriver.java:181)
at org.openqa.selenium.chrome.ChromeDriver.<init>(ChromeDriver.java:168)
at org.openqa.selenium.chrome.ChromeDriver.<init>(ChromeDriver.java:123)
at ParallelTest1.verify_HomeTitle(ParallelTest1.java:32)
at sun.reflect.NativeMethodAccessorImpl.invoke0(Native Method)
at sun.reflect.NativeMethodAccessorImpl.invoke(Unknown Source)
at sun.reflect.DelegatingMethodAccessorImpl.invoke(Unknown Source)
at java.lang.reflect.Method.invoke(Unknown Source)
at org.testng.internal.MethodInvocationHelper.invokeMethod(MethodInvocationHelper.java:133)
at org.testng.internal.TestInvoker.invokeMethod(TestInvoker.java:584)
at org.testng.internal.TestInvoker.invokeTestMethod(TestInvoker.java:172)
at org.testng.internal.MethodRunner.runInSequence(MethodRunner.java:46)
at org.testng.internal.TestInvoker$MethodInvocationAgent.invoke(TestInvoker.java:804)
at org.testng.internal.TestInvoker.invokeTestMethods(TestInvoker.java:145)
at org.testng.internal.TestMethodWorker.invokeTestMethods(TestMethodWorker.java:146)
at org.testng.internal.TestMethodWorker.run(TestMethodWorker.java:128)
at java.util.ArrayList.forEach(Unknown Source)
at org.testng.TestRunner.privateRun(TestRunner.java:770)
at org.testng.TestRunner.run(TestRunner.java:591)
at org.testng.SuiteRunner.runTest(SuiteRunner.java:402)
at org.testng.SuiteRunner.access$000(SuiteRunner.java:41)
at org.testng.SuiteRunner$SuiteWorker.run(SuiteRunner.java:443)
at org.testng.internal.thread.ThreadUtil.lambda$execute$0(ThreadUtil.java:67)
at java.util.concurrent.FutureTask.run(Unknown Source)
at java.util.concurrent.ThreadPoolExecutor.runWorker(Unknown Source)
at java.util.concurrent.ThreadPoolExecutor$Worker.run(Unknown Source)
at java.lang.Thread.run(Unknown Source)
]]>
    </error>
  </testcase> <!-- verify_HomeTitle -->
  <testcase name="logoTest" time="11.507" classname="ParallelTest1"/>
</testsuite> <!-- ParallelTest1 -->
